#
# A fatal error has been detected by the Java Runtime Environment:
#
#  EXCEPTION_ACCESS_VIOLATION (0xc0000005) at pc=0x000000005b2ba4f0, pid=6756, tid=0x000000000000241c
#
# JRE version: OpenJDK Runtime Environment (8.0_152-b01) (build 1.8.0_152-release-915-b01)
# Java VM: OpenJDK 64-Bit Server VM (25.152-b01 mixed mode windows-amd64 compressed oops)
# Problematic frame:
# V  [jvm.dll+0x8a4f0]
#
# Failed to write core dump. Minidumps are not enabled by default on client versions of Windows
#
# If you would like to submit a bug report, please visit:
#   http://bugreport.java.com/bugreport/crash.jsp
#

---------------  T H R E A D  ---------------

Current thread (0x000000000452b800):  GCTaskThread [stack: 0x00000000141f0000,0x00000000142f0000] [id=9244]

siginfo: ExceptionCode=0xc0000005, reading address 0x0000000180265d18

Registers:
RAX=0x00000000146f0000, RBX=0x00000000a96f17f8, RCX=0x00000000a96f17f8, RDX=0x0000000180265d10
RSP=0x00000000142ef9d8, RBP=0x0000000004604bc0, RSI=0x00000000a96f07e8, RDI=0x00000000a96f17f8
R8 =0x000000000004b78b, R9 =0x0000000004604bc0, R10=0x00000000000029ad, R11=0x00000000a96f1830
R12=0x00000000a96f0c08, R13=0x0000000000000200, R14=0x00000000a96f03f8, R15=0x0000000000000240
RIP=0x000000005b2ba4f0, EFLAGS=0x0000000000010202

Top of Stack: (sp=0x00000000142ef9d8)
0x00000000142ef9d8:   000000005b315a47 00000000a96f1830
0x00000000142ef9e8:   0000000004604bc0 00000000a96f07e4
0x00000000142ef9f8:   0000000000000004 00000000a96f17f8
0x00000000142efa08:   000000005b344bba 00000000000028b6
0x00000000142efa18:   000000005b31ef56 00000000a96f03f8
0x00000000142efa28:   00000000a96f03f4 0000000004604bc0
0x00000000142efa38:   000000005b344cc3 0000000000000000
0x00000000142efa48:   00000000000003d8 000000000452c468
0x00000000142efa58:   00000000045b8f40 00000000000028b6
0x00000000142efa68:   000000005b5f34c0 0000000004604bc0
0x00000000142efa78:   0000000004522450 000000000452c090
0x00000000142efa88:   000000000452c090 0000128600000e73
0x00000000142efa98:   0000000000000c00 0000000000000000
0x00000000142efaa8:   0000000000000000 0000000000001e00
0x00000000142efab8:   0000000020154000 0000000000000001
0x00000000142efac8:   0000000000000001 0000c788cc457559 

Instructions: (pc=0x000000005b2ba4f0)
0x000000005b2ba4d0:   ac 50 1d 00 48 8b 9c 24 c0 00 00 00 48 81 c4 b0
0x000000005b2ba4e0:   00 00 00 5d c3 cc cc cc cc cc cc cc cc cc cc cc
0x000000005b2ba4f0:   44 8b 42 08 4c 8b ca 45 85 c0 7e 0e 41 f6 c0 01
0x000000005b2ba500:   75 57 41 c1 f8 03 41 8b c0 c3 79 4d 80 3d 9e f3 


Register to memory mapping:

RAX=0x00000000146f0000 is an unknown value
RBX=
[error occurred during error reporting (printing register info), id 0xc0000005]

Stack: [0x00000000141f0000,0x00000000142f0000],  sp=0x00000000142ef9d8,  free space=1022k
Native frames: (J=compiled Java code, j=interpreted, Vv=VM code, C=native code)
V  [jvm.dll+0x8a4f0]


---------------  P R O C E S S  ---------------

Java Threads: ( => current thread )
  0x000000001d7f1000 JavaThread "ForkJoinPool.commonPool-worker-10" daemon [_thread_blocked, id=14284, stack(0x000000005be70000,0x000000005bf70000)]
  0x000000001d7ec800 JavaThread "ForkJoinPool.commonPool-worker-1" daemon [_thread_blocked, id=7956, stack(0x000000005bd70000,0x000000005be70000)]
  0x000000001c42c800 JavaThread "ForkJoinPool.commonPool-worker-8" daemon [_thread_blocked, id=5128, stack(0x0000000058af0000,0x0000000058bf0000)]
  0x000000002015e000 JavaThread "ForkJoinPool.commonPool-worker-6" daemon [_thread_blocked, id=9496, stack(0x00000000588f0000,0x00000000589f0000)]
  0x000000002015d000 JavaThread "ForkJoinPool.commonPool-worker-13" daemon [_thread_blocked, id=12576, stack(0x00000000587f0000,0x00000000588f0000)]
  0x0000000020155000 JavaThread "ForkJoinPool.commonPool-worker-11" daemon [_thread_blocked, id=6040, stack(0x00000000585f0000,0x00000000586f0000)]
  0x000000002015b000 JavaThread "ForkJoinPool.commonPool-worker-9" daemon [_thread_blocked, id=12832, stack(0x00000000582f0000,0x00000000583f0000)]
  0x0000000020154000 JavaThread "Cache worker for Java compile cache (H:\NTG\seqaya-android\.gradle\4.1\javaCompile)" [_thread_blocked, id=8184, stack(0x00000000581f0000,0x00000000582f0000)]
  0x000000001b4a5000 JavaThread "Task worker for ':' Thread 7" [_thread_blocked, id=7608, stack(0x00000000567f0000,0x00000000568f0000)]
  0x000000001b49d800 JavaThread "Task worker for ':' Thread 6" [_thread_blocked, id=13976, stack(0x00000000566f0000,0x00000000567f0000)]
  0x000000001b49d000 JavaThread "Task worker for ':' Thread 5" [_thread_blocked, id=4720, stack(0x00000000565f0000,0x00000000566f0000)]
  0x000000001b4a3800 JavaThread "Task worker for ':' Thread 4" [_thread_blocked, id=1652, stack(0x00000000564f0000,0x00000000565f0000)]
  0x000000001b49c000 JavaThread "Task worker for ':' Thread 3" [_thread_blocked, id=10728, stack(0x00000000563f0000,0x00000000564f0000)]
  0x000000001b4a3000 JavaThread "Task worker for ':' Thread 2" [_thread_blocked, id=11480, stack(0x00000000562f0000,0x00000000563f0000)]
  0x000000001b4a1800 JavaThread "Task worker for ':'" [_thread_blocked, id=10292, stack(0x00000000561f0000,0x00000000562f0000)]
  0x000000001b4a2000 JavaThread "Cache worker for task history cache (H:\NTG\seqaya-android\.gradle\4.1\taskHistory)" [_thread_blocked, id=11048, stack(0x00000000560f0000,0x00000000561f0000)]
  0x000000001b49f000 JavaThread "Cache worker for file content cache (H:\NTG\seqaya-android\.gradle\4.1\fileContent)" [_thread_blocked, id=8808, stack(0x0000000055ff0000,0x00000000560f0000)]
  0x000000001b4a0800 JavaThread "build operations Thread 8" [_thread_blocked, id=7912, stack(0x0000000055ef0000,0x0000000055ff0000)]
  0x0000000027312800 JavaThread "build operations Thread 7" [_thread_blocked, id=9608, stack(0x0000000055df0000,0x0000000055ef0000)]
  0x0000000027312000 JavaThread "build operations Thread 6" [_thread_blocked, id=1792, stack(0x0000000055cf0000,0x0000000055df0000)]
  0x000000002730a800 JavaThread "build operations Thread 5" [_thread_blocked, id=13596, stack(0x0000000055bf0000,0x0000000055cf0000)]
  0x0000000027311000 JavaThread "build operations Thread 4" [_thread_blocked, id=13224, stack(0x0000000055af0000,0x0000000055bf0000)]
  0x0000000027309800 JavaThread "build operations Thread 3" [_thread_blocked, id=556, stack(0x00000000559f0000,0x0000000055af0000)]
  0x0000000027309000 JavaThread "build operations Thread 2" [_thread_blocked, id=5560, stack(0x00000000558f0000,0x00000000559f0000)]
  0x000000002730f800 JavaThread "build operations" [_thread_blocked, id=3676, stack(0x00000000557f0000,0x00000000558f0000)]
  0x000000002730f000 JavaThread "Cache worker for Artifact transforms cache (C:\Users\ilias\.gradle\caches\transforms-1)" [_thread_blocked, id=1424, stack(0x00000000556f0000,0x00000000557f0000)]
  0x000000002730e000 JavaThread "Cache worker for file hash cache (H:\NTG\seqaya-android\.gradle\4.1\fileHashes)" [_thread_blocked, id=4780, stack(0x00000000555f0000,0x00000000556f0000)]
  0x0000000027308000 JavaThread "Asynchronous log dispatcher for DefaultDaemonConnection: socket connection from /127.0.0.1:57891 to /127.0.0.1:50924" [_thread_blocked, id=10876, stack(0x00000000553f0000,0x00000000554f0000)]
  0x000000002730d800 JavaThread "Daemon worker Thread 48" [_thread_blocked, id=6412, stack(0x00000000552f0000,0x00000000553f0000)]
  0x0000000027306000 JavaThread "Cancel handler" [_thread_blocked, id=9460, stack(0x00000000551f0000,0x00000000552f0000)]
  0x0000000027307800 JavaThread "Handler for socket connection from /127.0.0.1:57891 to /127.0.0.1:50924" [_thread_in_native, id=2464, stack(0x00000000550f0000,0x00000000551f0000)]
  0x0000000027304800 JavaThread "Daemon Thread 48" [_thread_blocked, id=2568, stack(0x0000000054ff0000,0x00000000550f0000)]
  0x000000001d7ef800 JavaThread "pool-171-thread-3" [_thread_blocked, id=10936, stack(0x000000005cb70000,0x000000005cc70000)]
  0x00000000225b0800 JavaThread "pool-171-thread-2" [_thread_blocked, id=11032, stack(0x00000000518f0000,0x00000000519f0000)]
  0x000000001c4e5000 JavaThread "pool-171-thread-1" [_thread_blocked, id=7876, stack(0x000000004cef0000,0x000000004cff0000)]
  0x0000000020097800 JavaThread "Memory manager" [_thread_blocked, id=11384, stack(0x0000000025260000,0x0000000025360000)]
  0x000000001cb84000 JavaThread "File lock request listener" [_thread_in_native, id=6420, stack(0x000000001eea0000,0x000000001efa0000)]
  0x000000001c52b000 JavaThread "Cache worker for file hash cache (C:\Users\ilias\.gradle\caches\4.1\fileHashes)" [_thread_blocked, id=4492, stack(0x000000001eda0000,0x000000001eea0000)]
  0x000000001c72c000 JavaThread "Daemon periodic checks" [_thread_blocked, id=9108, stack(0x000000001e3a0000,0x000000001e4a0000)]
  0x000000001c088800 JavaThread "Incoming local TCP Connector on port 57891" [_thread_in_native, id=1676, stack(0x000000001dec0000,0x000000001dfc0000)]
  0x000000001a3b4000 JavaThread "Service Thread" daemon [_thread_blocked, id=8072, stack(0x000000001afe0000,0x000000001b0e0000)]
  0x000000001840c000 JavaThread "C1 CompilerThread3" daemon [_thread_blocked, id=5336, stack(0x000000001aee0000,0x000000001afe0000)]
  0x000000001a2fc800 JavaThread "C2 CompilerThread2" daemon [_thread_blocked, id=2612, stack(0x000000001ade0000,0x000000001aee0000)]
  0x000000001a2fb800 JavaThread "C2 CompilerThread1" daemon [_thread_blocked, id=1776, stack(0x000000001ace0000,0x000000001ade0000)]
  0x000000001a2f4800 JavaThread "C2 CompilerThread0" daemon [_thread_blocked, id=976, stack(0x000000001abe0000,0x000000001ace0000)]
  0x000000001a2f3800 JavaThread "Attach Listener" daemon [_thread_blocked, id=3240, stack(0x000000001aae0000,0x000000001abe0000)]
  0x000000001a2f2800 JavaThread "Signal Dispatcher" daemon [_thread_blocked, id=5880, stack(0x000000001a9e0000,0x000000001aae0000)]
  0x000000001a2e0800 JavaThread "Finalizer" daemon [_thread_blocked, id=6200, stack(0x000000001a6c0000,0x000000001a7c0000)]
  0x00000000183fb000 JavaThread "Reference Handler" daemon [_thread_blocked, id=9820, stack(0x000000001a1c0000,0x000000001a2c0000)]
  0x00000000043ed800 JavaThread "main" [_thread_blocked, id=3344, stack(0x00000000043f0000,0x00000000044f0000)]

Other Threads:
  0x00000000183f6000 VMThread [stack: 0x000000001a0c0000,0x000000001a1c0000] [id=8104]
  0x000000001a3bd000 WatcherThread [stack: 0x000000001b0e0000,0x000000001b1e0000] [id=6956]

=>0x000000000452b800 (exited) GCTaskThread [stack: 0x00000000141f0000,0x00000000142f0000] [id=9244]

VM state:at safepoint (normal execution)

VM Mutex/Monitor currently owned by a thread:  ([mutex/lock_event])
[0x00000000043ec380] Threads_lock - owner thread: 0x00000000183f6000
[0x00000000043ec600] Heap_lock - owner thread: 0x000000001b4a1800

Heap:
 PSYoungGen      total 418816K, used 25486K [0x00000000e0000000, 0x00000000ff800000, 0x0000000100000000)
  eden space 323584K, 0% used [0x00000000e0000000,0x00000000e0000000,0x00000000f3c00000)
  from space 95232K, 26% used [0x00000000f9b00000,0x00000000fb3e3b88,0x00000000ff800000)
  to   space 96256K, 0% used [0x00000000f3c00000,0x00000000f3c00000,0x00000000f9a00000)
 ParOldGen       total 228864K, used 219379K [0x00000000a0000000, 0x00000000adf80000, 0x00000000e0000000)
  object space 228864K, 95% used [0x00000000a0000000,0x00000000ad63cc60,0x00000000adf80000)
 Metaspace       used 112592K, capacity 126240K, committed 126592K, reserved 1159168K
  class space    used 13810K, capacity 17421K, committed 17536K, reserved 1048576K

Card table byte_map: [0x00000000139e0000,0x0000000013cf0000] byte_map_base: 0x00000000134e0000

Marking Bits: (ParMarkBitMap*) 0x000000005b9f3950
 Begin Bits: [0x00000000146f0000, 0x0000000015ef0000)
 End Bits:   [0x0000000015ef0000, 0x00000000176f0000)

Polling page: 0x00000000044f0000

CodeCache: size=245760Kb used=108259Kb max_used=108715Kb free=137500Kb
 bounds [0x0000000004620000, 0x000000000b130000, 0x0000000013620000]
 total_blobs=27424 nmethods=26538 adapters=799
 compilation: enabled

Compilation events (10 events):
Event: 30289.194 Thread 0x000000001840c000 37864       3       sun.nio.fs.WindowsPath::compareTo (9 bytes)
Event: 30289.194 Thread 0x000000001840c000 nmethod 37864 0x000000000802bcd0 code [0x000000000802be40, 0x000000000802c148]
Event: 30289.213 Thread 0x000000001840c000 37865       3       com.android.builder.dexing.NonIncrementalJarDexArchive::<init> (79 bytes)
Event: 30289.215 Thread 0x000000001840c000 nmethod 37865 0x000000000a493550 code [0x000000000a493840, 0x000000000a495148]
Event: 30289.221 Thread 0x000000001840c000 37866   !   3       com.android.builder.dexing.NonIncrementalJarDexArchive::getFiles (188 bytes)
Event: 30289.223 Thread 0x000000001840c000 nmethod 37866 0x0000000009a5aed0 code [0x0000000009a5b260, 0x0000000009a5d1e8]
Event: 30289.298 Thread 0x000000001840c000 37867   !   3       com.android.builder.dexing.DexArchives::getEntriesFromSingleArchive (94 bytes)
Event: 30289.299 Thread 0x000000001840c000 nmethod 37867 0x000000000a491f90 code [0x000000000a4921c0, 0x000000000a492e88]
Event: 30289.355 Thread 0x000000001a2fb800 37868       4       com.android.builder.dexing.ReferenceCountMergingStrategy::tryToAddForMerging (31 bytes)
Event: 30289.355 Thread 0x000000001a2fc800 37869       4       com.android.builder.dexing.ReferenceCountMergingStrategy::tryAddMethods (84 bytes)

GC Heap History (10 events):
Event: 30281.973 GC heap after
Heap after GC invocations=114 (full 4):
 PSYoungGen      total 410624K, used 27921K [0x00000000e0000000, 0x00000000ff900000, 0x0000000100000000)
  eden space 304128K, 0% used [0x00000000e0000000,0x00000000e0000000,0x00000000f2900000)
  from space 106496K, 26% used [0x00000000f8f00000,0x00000000faa445c0,0x00000000ff700000)
  to   space 104448K, 0% used [0x00000000f2900000,0x00000000f2900000,0x00000000f8f00000)
 ParOldGen       total 228864K, used 193531K [0x00000000a0000000, 0x00000000adf80000, 0x00000000e0000000)
  object space 228864K, 84% used [0x00000000a0000000,0x00000000abcfed78,0x00000000adf80000)
 Metaspace       used 112552K, capacity 126218K, committed 126336K, reserved 1159168K
  class space    used 13808K, capacity 17418K, committed 17536K, reserved 1048576K
}
Event: 30282.423 GC heap before
{Heap before GC invocations=115 (full 4):
 PSYoungGen      total 410624K, used 332049K [0x00000000e0000000, 0x00000000ff900000, 0x0000000100000000)
  eden space 304128K, 100% used [0x00000000e0000000,0x00000000f2900000,0x00000000f2900000)
  from space 106496K, 26% used [0x00000000f8f00000,0x00000000faa445c0,0x00000000ff700000)
  to   space 104448K, 0% used [0x00000000f2900000,0x00000000f2900000,0x00000000f8f00000)
 ParOldGen       total 228864K, used 193531K [0x00000000a0000000, 0x00000000adf80000, 0x00000000e0000000)
  object space 228864K, 84% used [0x00000000a0000000,0x00000000abcfed78,0x00000000adf80000)
 Metaspace       used 112553K, capacity 126218K, committed 126336K, reserved 1159168K
  class space    used 13808K, capacity 17418K, committed 17536K, reserved 1048576K
Event: 30282.464 GC heap after
Heap after GC invocations=115 (full 4):
 PSYoungGen      total 408576K, used 25024K [0x00000000e0000000, 0x00000000ffa00000, 0x0000000100000000)
  eden space 304128K, 0% used [0x00000000e0000000,0x00000000e0000000,0x00000000f2900000)
  from space 104448K, 23% used [0x00000000f2900000,0x00000000f4170170,0x00000000f8f00000)
  to   space 102400K, 0% used [0x00000000f9600000,0x00000000f9600000,0x00000000ffa00000)
 ParOldGen       total 228864K, used 199875K [0x00000000a0000000, 0x00000000adf80000, 0x00000000e0000000)
  object space 228864K, 87% used [0x00000000a0000000,0x00000000ac330d88,0x00000000adf80000)
 Metaspace       used 112553K, capacity 126218K, committed 126336K, reserved 1159168K
  class space    used 13808K, capacity 17418K, committed 17536K, reserved 1048576K
}
Event: 30282.942 GC heap before
{Heap before GC invocations=116 (full 4):
 PSYoungGen      total 408576K, used 329152K [0x00000000e0000000, 0x00000000ffa00000, 0x0000000100000000)
  eden space 304128K, 100% used [0x00000000e0000000,0x00000000f2900000,0x00000000f2900000)
  from space 104448K, 23% used [0x00000000f2900000,0x00000000f4170170,0x00000000f8f00000)
  to   space 102400K, 0% used [0x00000000f9600000,0x00000000f9600000,0x00000000ffa00000)
 ParOldGen       total 228864K, used 199875K [0x00000000a0000000, 0x00000000adf80000, 0x00000000e0000000)
  object space 228864K, 87% used [0x00000000a0000000,0x00000000ac330d88,0x00000000adf80000)
 Metaspace       used 112553K, capacity 126218K, committed 126336K, reserved 1159168K
  class space    used 13808K, capacity 17418K, committed 17536K, reserved 1048576K
Event: 30282.992 GC heap after
Heap after GC invocations=116 (full 4):
 PSYoungGen      total 417280K, used 20471K [0x00000000e0000000, 0x00000000ffb00000, 0x0000000100000000)
  eden space 314880K, 0% used [0x00000000e0000000,0x00000000e0000000,0x00000000f3380000)
  from space 102400K, 19% used [0x00000000f9600000,0x00000000fa9fdfe8,0x00000000ffa00000)
  to   space 100864K, 0% used [0x00000000f3380000,0x00000000f3380000,0x00000000f9600000)
 ParOldGen       total 228864K, used 207875K [0x00000000a0000000, 0x00000000adf80000, 0x00000000e0000000)
  object space 228864K, 90% used [0x00000000a0000000,0x00000000acb00db8,0x00000000adf80000)
 Metaspace       used 112553K, capacity 126218K, committed 126336K, reserved 1159168K
  class space    used 13808K, capacity 17418K, committed 17536K, reserved 1048576K
}
Event: 30284.588 GC heap before
{Heap before GC invocations=117 (full 4):
 PSYoungGen      total 417280K, used 335351K [0x00000000e0000000, 0x00000000ffb00000, 0x0000000100000000)
  eden space 314880K, 100% used [0x00000000e0000000,0x00000000f3380000,0x00000000f3380000)
  from space 102400K, 19% used [0x00000000f9600000,0x00000000fa9fdfe8,0x00000000ffa00000)
  to   space 100864K, 0% used [0x00000000f3380000,0x00000000f3380000,0x00000000f9600000)
 ParOldGen       total 228864K, used 207875K [0x00000000a0000000, 0x00000000adf80000, 0x00000000e0000000)
  object space 228864K, 90% used [0x00000000a0000000,0x00000000acb00db8,0x00000000adf80000)
 Metaspace       used 112556K, capacity 126218K, committed 126336K, reserved 1159168K
  class space    used 13808K, capacity 17418K, committed 17536K, reserved 1048576K
Event: 30284.625 GC heap after
Heap after GC invocations=117 (full 4):
 PSYoungGen      total 415744K, used 12185K [0x00000000e0000000, 0x00000000ffc80000, 0x0000000100000000)
  eden space 314880K, 0% used [0x00000000e0000000,0x00000000e0000000,0x00000000f3380000)
  from space 100864K, 12% used [0x00000000f3380000,0x00000000f3f666b0,0x00000000f9600000)
  to   space 99840K, 0% used [0x00000000f9b00000,0x00000000f9b00000,0x00000000ffc80000)
 ParOldGen       total 228864K, used 213595K [0x00000000a0000000, 0x00000000adf80000, 0x00000000e0000000)
  object space 228864K, 93% used [0x00000000a0000000,0x00000000ad096db8,0x00000000adf80000)
 Metaspace       used 112556K, capacity 126218K, committed 126336K, reserved 1159168K
  class space    used 13808K, capacity 17418K, committed 17536K, reserved 1048576K
}
Event: 30289.365 GC heap before
{Heap before GC invocations=118 (full 4):
 PSYoungGen      total 415744K, used 327065K [0x00000000e0000000, 0x00000000ffc80000, 0x0000000100000000)
  eden space 314880K, 100% used [0x00000000e0000000,0x00000000f3380000,0x00000000f3380000)
  from space 100864K, 12% used [0x00000000f3380000,0x00000000f3f666b0,0x00000000f9600000)
  to   space 99840K, 0% used [0x00000000f9b00000,0x00000000f9b00000,0x00000000ffc80000)
 ParOldGen       total 228864K, used 213595K [0x00000000a0000000, 0x00000000adf80000, 0x00000000e0000000)
  object space 228864K, 93% used [0x00000000a0000000,0x00000000ad096db8,0x00000000adf80000)
 Metaspace       used 112592K, capacity 126240K, committed 126592K, reserved 1159168K
  class space    used 13810K, capacity 17421K, committed 17536K, reserved 1048576K
Event: 30289.396 GC heap after
Heap after GC invocations=118 (full 4):
 PSYoungGen      total 418816K, used 25486K [0x00000000e0000000, 0x00000000ff800000, 0x0000000100000000)
  eden space 323584K, 0% used [0x00000000e0000000,0x00000000e0000000,0x00000000f3c00000)
  from space 95232K, 26% used [0x00000000f9b00000,0x00000000fb3e3b88,0x00000000ff800000)
  to   space 96256K, 0% used [0x00000000f3c00000,0x00000000f3c00000,0x00000000f9a00000)
 ParOldGen       total 228864K, used 219379K [0x00000000a0000000, 0x00000000adf80000, 0x00000000e0000000)
  object space 228864K, 95% used [0x00000000a0000000,0x00000000ad63cc60,0x00000000adf80000)
 Metaspace       used 112592K, capacity 126240K, committed 126592K, reserved 1159168K
  class space    used 13810K, capacity 17421K, committed 17536K, reserved 1048576K
}
Event: 30289.396 GC heap before
{Heap before GC invocations=119 (full 5):
 PSYoungGen      total 418816K, used 25486K [0x00000000e0000000, 0x00000000ff800000, 0x0000000100000000)
  eden space 323584K, 0% used [0x00000000e0000000,0x00000000e0000000,0x00000000f3c00000)
  from space 95232K, 26% used [0x00000000f9b00000,0x00000000fb3e3b88,0x00000000ff800000)
  to   space 96256K, 0% used [0x00000000f3c00000,0x00000000f3c00000,0x00000000f9a00000)
 ParOldGen       total 228864K, used 219379K [0x00000000a0000000, 0x00000000adf80000, 0x00000000e0000000)
  object space 228864K, 95% used [0x00000000a0000000,0x00000000ad63cc60,0x00000000adf80000)
 Metaspace       used 112592K, capacity 126240K, committed 126592K, reserved 1159168K
  class space    used 13810K, capacity 17421K, committed 17536K, reserved 1048576K

Deoptimization events (10 events):
Event: 30284.861 Thread 0x000000001b4a1800 Uncommon trap: reason=class_check action=maybe_recompile pc=0x000000000708f2b8 method=com.google.common.base.Joiner.toString(Ljava/lang/Object;)Ljava/lang/CharSequence; @ 6
Event: 30284.861 Thread 0x000000001b4a1800 Uncommon trap: reason=class_check action=maybe_recompile pc=0x0000000006c8fedc method=com.google.common.collect.AbstractMapBasedMultimap$WrappedCollection$WrappedIterator.hasNext()Z @ 8
Event: 30284.861 Thread 0x000000001b4a1800 Uncommon trap: reason=class_check action=maybe_recompile pc=0x0000000005364760 method=com.google.common.collect.AbstractMapBasedMultimap$WrappedCollection$WrappedIterator.next()Ljava/lang/Object; @ 8
Event: 30284.861 Thread 0x000000001b4a1800 Uncommon trap: reason=class_check action=maybe_recompile pc=0x0000000006c8fedc method=com.google.common.collect.AbstractMapBasedMultimap$WrappedCollection$WrappedIterator.hasNext()Z @ 8
Event: 30284.861 Thread 0x000000001b4a1800 Uncommon trap: reason=class_check action=maybe_recompile pc=0x0000000005364760 method=com.google.common.collect.AbstractMapBasedMultimap$WrappedCollection$WrappedIterator.next()Ljava/lang/Object; @ 8
Event: 30284.862 Thread 0x000000001b4a1800 Uncommon trap: reason=class_check action=maybe_recompile pc=0x0000000005ccaa50 method=com.google.common.collect.AbstractMapBasedMultimap.iteratorOrListIterator(Ljava/util/Collection;)Ljava/util/Iterator; @ 1
Event: 30285.092 Thread 0x000000001b4a1800 Uncommon trap: reason=class_check action=maybe_recompile pc=0x0000000005ccaa50 method=com.google.common.collect.AbstractMapBasedMultimap.iteratorOrListIterator(Ljava/util/Collection;)Ljava/util/Iterator; @ 1
Event: 30285.093 Thread 0x000000001b4a1800 Uncommon trap: reason=class_check action=maybe_recompile pc=0x0000000005ccaa50 method=com.google.common.collect.AbstractMapBasedMultimap.iteratorOrListIterator(Ljava/util/Collection;)Ljava/util/Iterator; @ 1
Event: 30285.124 Thread 0x000000001b4a1800 Uncommon trap: reason=class_check action=maybe_recompile pc=0x00000000075c6840 method=com.google.common.collect.AbstractMapBasedMultimap.iteratorOrListIterator(Ljava/util/Collection;)Ljava/util/Iterator; @ 1
Event: 30289.189 Thread 0x000000001b4a1800 Uncommon trap: reason=unstable_if action=reinterpret pc=0x00000000092317cc method=com.google.gson.stream.JsonReader.peekNumber()I @ 35

Classes redefined (0 events):
No events

Internal exceptions (10 events):
Event: 30284.554 Thread 0x0000000020155000 Exception <a 'sun/nio/fs/WindowsException'> (0x00000000f2cdb3d8) thrown at [D:\src\AOSP-openjdk-cygwin\jdk8u\hotspot\src\share\vm\prims\jni.cpp, line 709]
Event: 30284.556 Thread 0x000000002015b000 Exception <a 'sun/nio/fs/WindowsException'> (0x00000000f2d77b60) thrown at [D:\src\AOSP-openjdk-cygwin\jdk8u\hotspot\src\share\vm\prims\jni.cpp, line 709]
Event: 30284.562 Thread 0x0000000020155000 Exception <a 'sun/nio/fs/WindowsException'> (0x00000000f2ce6db0) thrown at [D:\src\AOSP-openjdk-cygwin\jdk8u\hotspot\src\share\vm\prims\jni.cpp, line 709]
Event: 30284.566 Thread 0x000000001d7ec800 Exception <a 'sun/nio/fs/WindowsException'> (0x00000000f2f60df8) thrown at [D:\src\AOSP-openjdk-cygwin\jdk8u\hotspot\src\share\vm\prims\jni.cpp, line 709]
Event: 30284.701 Thread 0x000000002015b800 Exception <a 'sun/nio/fs/WindowsException'> (0x00000000e10bf5c8) thrown at [D:\src\AOSP-openjdk-cygwin\jdk8u\hotspot\src\share\vm\prims\jni.cpp, line 709]
Event: 30284.709 Thread 0x000000002015b800 Exception <a 'sun/nio/fs/WindowsException'> (0x00000000e111b328) thrown at [D:\src\AOSP-openjdk-cygwin\jdk8u\hotspot\src\share\vm\prims\jni.cpp, line 709]
Event: 30284.715 Thread 0x000000002015b800 Exception <a 'sun/nio/fs/WindowsException'> (0x00000000e1141110) thrown at [D:\src\AOSP-openjdk-cygwin\jdk8u\hotspot\src\share\vm\prims\jni.cpp, line 709]
Event: 30284.720 Thread 0x000000002015b800 Exception <a 'sun/nio/fs/WindowsException'> (0x00000000e1153be0) thrown at [D:\src\AOSP-openjdk-cygwin\jdk8u\hotspot\src\share\vm\prims\jni.cpp, line 709]
Event: 30284.724 Thread 0x000000002015b800 Exception <a 'sun/nio/fs/WindowsException'> (0x00000000e1167278) thrown at [D:\src\AOSP-openjdk-cygwin\jdk8u\hotspot\src\share\vm\prims\jni.cpp, line 709]
Event: 30284.825 Thread 0x000000002015b800 Exception <a 'sun/nio/fs/WindowsException'> (0x00000000e2977028) thrown at [D:\src\AOSP-openjdk-cygwin\jdk8u\hotspot\src\share\vm\prims\jni.cpp, line 709]

Events (10 events):
Event: 30286.829 Executing VM operation: RevokeBias
Event: 30286.829 Executing VM operation: RevokeBias done
Event: 30286.829 Thread 0x000000002015b800 Thread exited: 0x000000002015b800
Event: 30288.862 Thread 0x0000000027306800 DEOPT PACKING pc=0x000000000520cb34 sp=0x00000000555eed20
Event: 30288.862 Thread 0x0000000027306800 DEOPT UNPACKING pc=0x00000000046671bf sp=0x00000000555eeaf0 mode 0
Event: 30288.862 Thread 0x0000000027306800 Thread exited: 0x0000000027306800
Event: 30289.189 Thread 0x000000001b4a1800 Uncommon trap: trap_request=0xffffff65 fr.pc=0x00000000092317cc
Event: 30289.189 Thread 0x000000001b4a1800 DEOPT PACKING pc=0x00000000092317cc sp=0x00000000562ecfc0
Event: 30289.189 Thread 0x000000001b4a1800 DEOPT UNPACKING pc=0x000000000466556a sp=0x00000000562ecf18 mode 2
Event: 30289.365 Executing VM operation: ParallelGCFailedAllocation


Dynamic libraries:
0x00007ff6f7070000 - 0x00007ff6f70a1000 	C:\Program Files\Android\Android Studio\jre\bin\java.exe
0x00007ffb2d6d0000 - 0x00007ffb2d8b0000 	C:\WINDOWS\SYSTEM32\ntdll.dll
0x00007ffb07d90000 - 0x00007ffb07dc4000 	C:\Program Files\AVAST Software\Avast\x64\aswhooka.dll
0x00007ffb2aff0000 - 0x00007ffb2b09e000 	C:\WINDOWS\System32\KERNEL32.DLL
0x00007ffb2a830000 - 0x00007ffb2aa96000 	C:\WINDOWS\System32\KERNELBASE.dll
0x00007ffb2b0a0000 - 0x00007ffb2b141000 	C:\WINDOWS\System32\ADVAPI32.dll
0x00007ffb2cb80000 - 0x00007ffb2cc1d000 	C:\WINDOWS\System32\msvcrt.dll
0x00007ffb2c9d0000 - 0x00007ffb2ca2b000 	C:\WINDOWS\System32\sechost.dll
0x00007ffb2b280000 - 0x00007ffb2b39f000 	C:\WINDOWS\System32\RPCRT4.dll
0x00007ffb2d460000 - 0x00007ffb2d5ef000 	C:\WINDOWS\System32\USER32.dll
0x00007ffb2a300000 - 0x00007ffb2a320000 	C:\WINDOWS\System32\win32u.dll
0x00007ffb2b3a0000 - 0x00007ffb2b3c8000 	C:\WINDOWS\System32\GDI32.dll
0x00007ffb2a410000 - 0x00007ffb2a5a3000 	C:\WINDOWS\System32\gdi32full.dll
0x00007ffb2a370000 - 0x00007ffb2a40b000 	C:\WINDOWS\System32\msvcp_win.dll
0x00007ffb2aaa0000 - 0x00007ffb2ab96000 	C:\WINDOWS\System32\ucrtbase.dll
0x00007ffb169f0000 - 0x00007ffb16c59000 	C:\WINDOWS\WinSxS\amd64_microsoft.windows.common-controls_6595b64144ccf1df_6.0.16299.125_none_15cbcf8893620c09\COMCTL32.dll
0x00007ffb2ceb0000 - 0x00007ffb2d1b8000 	C:\WINDOWS\System32\combase.dll
0x00007ffb29b30000 - 0x00007ffb29ba2000 	C:\WINDOWS\System32\bcryptPrimitives.dll
0x00007ffb2c9a0000 - 0x00007ffb2c9cd000 	C:\WINDOWS\System32\IMM32.DLL
0x000000005b150000 - 0x000000005b222000 	C:\Program Files\Android\Android Studio\jre\jre\bin\msvcr100.dll
0x000000005b230000 - 0x000000005ba6e000 	C:\Program Files\Android\Android Studio\jre\jre\bin\server\jvm.dll
0x00007ffb2d690000 - 0x00007ffb2d698000 	C:\WINDOWS\System32\PSAPI.DLL
0x00007ffb26380000 - 0x00007ffb26389000 	C:\WINDOWS\SYSTEM32\WSOCK32.dll
0x00007ffb2d230000 - 0x00007ffb2d29c000 	C:\WINDOWS\System32\WS2_32.dll
0x00007ffb27dc0000 - 0x00007ffb27de3000 	C:\WINDOWS\SYSTEM32\WINMM.dll
0x00007ffb21ff0000 - 0x00007ffb21ffa000 	C:\WINDOWS\SYSTEM32\VERSION.dll
0x00007ffb27d90000 - 0x00007ffb27dba000 	C:\WINDOWS\SYSTEM32\WINMMBASE.dll
0x00007ffb2a320000 - 0x00007ffb2a36a000 	C:\WINDOWS\System32\cfgmgr32.dll
0x00007ffb21f10000 - 0x00007ffb21f1f000 	C:\Program Files\Android\Android Studio\jre\jre\bin\verify.dll
0x00007ffb218c0000 - 0x00007ffb218e9000 	C:\Program Files\Android\Android Studio\jre\jre\bin\java.dll
0x00007ffb1f250000 - 0x00007ffb1f266000 	C:\Program Files\Android\Android Studio\jre\jre\bin\zip.dll
0x00007ffb2b560000 - 0x00007ffb2c996000 	C:\WINDOWS\System32\SHELL32.dll
0x00007ffb2d2a0000 - 0x00007ffb2d346000 	C:\WINDOWS\System32\shcore.dll
0x00007ffb29bb0000 - 0x00007ffb2a2f7000 	C:\WINDOWS\System32\windows.storage.dll
0x00007ffb2d1d0000 - 0x00007ffb2d221000 	C:\WINDOWS\System32\shlwapi.dll
0x00007ffb29ab0000 - 0x00007ffb29ac1000 	C:\WINDOWS\System32\kernel.appcore.dll
0x00007ffb29a40000 - 0x00007ffb29a8c000 	C:\WINDOWS\System32\powrprof.dll
0x00007ffb29a90000 - 0x00007ffb29aab000 	C:\WINDOWS\System32\profapi.dll
0x00007ffb1f100000 - 0x00007ffb1f11a000 	C:\Program Files\Android\Android Studio\jre\jre\bin\net.dll
0x00007ffb292b0000 - 0x00007ffb29316000 	C:\WINDOWS\system32\mswsock.dll
0x00007ffb1cab0000 - 0x00007ffb1cac1000 	C:\Program Files\Android\Android Studio\jre\jre\bin\nio.dll
0x00007ffb263b0000 - 0x00007ffb263ce000 	C:\Users\ilias\.gradle\native\25\windows-amd64\native-platform.dll
0x00007ffb21f00000 - 0x00007ffb21f0d000 	C:\Program Files\Android\Android Studio\jre\jre\bin\management.dll
0x00007ffb29470000 - 0x00007ffb29487000 	C:\WINDOWS\SYSTEM32\CRYPTSP.dll
0x00007ffb28ec0000 - 0x00007ffb28ef3000 	C:\WINDOWS\system32\rsaenh.dll
0x00007ffb29580000 - 0x00007ffb295a5000 	C:\WINDOWS\SYSTEM32\bcrypt.dll
0x00007ffb29950000 - 0x00007ffb29979000 	C:\WINDOWS\SYSTEM32\USERENV.dll
0x00007ffb29490000 - 0x00007ffb2949b000 	C:\WINDOWS\SYSTEM32\CRYPTBASE.dll
0x00007ffb29040000 - 0x00007ffb29079000 	C:\WINDOWS\SYSTEM32\IPHLPAPI.DLL
0x00007ffb2d1c0000 - 0x00007ffb2d1c8000 	C:\WINDOWS\System32\NSI.dll
0x00007ffb225b0000 - 0x00007ffb225c6000 	C:\WINDOWS\SYSTEM32\dhcpcsvc6.DLL
0x00007ffb22590000 - 0x00007ffb225aa000 	C:\WINDOWS\SYSTEM32\dhcpcsvc.DLL
0x00007ffb28b60000 - 0x00007ffb28b91000 	C:\WINDOWS\SYSTEM32\ntmarta.dll
0x00007ffb1f510000 - 0x00007ffb1f534000 	C:\Program Files\Android\Android Studio\jre\jre\bin\sunec.dll
0x00007ffb29090000 - 0x00007ffb29146000 	C:\WINDOWS\SYSTEM32\DNSAPI.dll
0x00007ffb20c90000 - 0x00007ffb20c9a000 	C:\Windows\System32\rasadhlp.dll
0x00007ffb20ce0000 - 0x00007ffb20d50000 	C:\WINDOWS\System32\fwpuclnt.dll
0x00007ffb1f500000 - 0x00007ffb1f50b000 	C:\Program Files\Android\Android Studio\jre\jre\bin\sunmscapi.dll
0x00007ffb2a5b0000 - 0x00007ffb2a77e000 	C:\WINDOWS\System32\CRYPT32.dll
0x00007ffb29a20000 - 0x00007ffb29a32000 	C:\WINDOWS\System32\MSASN1.dll
0x00007ffb247a0000 - 0x00007ffb24968000 	C:\WINDOWS\SYSTEM32\dbghelp.dll

VM Arguments:
jvm_args: -Xmx1536m -Dfile.encoding=windows-1256 -Duser.country=US -Duser.language=en -Duser.variant 
java_command: org.gradle.launcher.daemon.bootstrap.GradleDaemon 4.1
java_class_path (initial): C:\Users\ilias\.gradle\wrapper\dists\gradle-4.1-all\bzyivzo6n839fup2jbap0tjew\gradle-4.1\lib\gradle-launcher-4.1.jar
Launcher Type: SUN_STANDARD

Environment Variables:
PATH=C:\ProgramData\Oracle\Java\javapath;C:\WINDOWS\system32;C:\WINDOWS;C:\WINDOWS\System32\Wbem;C:\WINDOWS\System32\WindowsPowerShell\v1.0\;C:\Program Files (x86)\ATI Technologies\ATI.ACE\Core-Static;C:\Program Files\Java\jdk-9.0.1\bin;C:\Program Files\Git\cmd;C:\Users\ilias\AppData\Local\Microsoft\WindowsApps;C:\Users\ilias\AppData\Local\GitHubDesktop\bin
USERNAME=ilias
OS=Windows_NT
PROCESSOR_IDENTIFIER=Intel64 Family 6 Model 30 Stepping 5, GenuineIntel



---------------  S Y S T E M  ---------------

OS: Windows 10.0 , 64 bit Build 16299 (10.0.16299.15)

CPU:total 8 (initial active 8) (4 cores per cpu, 2 threads per core) family 6 model 30 stepping 5, cmov, cx8, fxsr, mmx, sse, sse2, sse3, ssse3, sse4.1, sse4.2, popcnt, ht, tsc, tscinvbit

Memory: 4k page, physical 8321704k(1613616k free), swap 12384936k(3123128k free)

vm_info: OpenJDK 64-Bit Server VM (25.152-b01) for windows-amd64 JRE (1.8.0_152-release-915-b01), built by "builder" with MS VC++ 10.0 (VS2010)

time: Thu Mar 29 17:47:30 2018
elapsed time: 30289 seconds (0d 8h 24m 49s)

